<?xml version="1.0" encoding="UTF-8"?>
<testsuite name="com.example.zdarovamessage.GreetingIntegrationTests" tests="1" skipped="0" failures="0" errors="0" timestamp="2021-12-05T11:18:46" hostname="LAPTOP-7FR001SE" time="1.792">
  <properties/>
  <testcase name="getGreeting()" classname="com.example.zdarovamessage.GreetingIntegrationTests" time="1.792"/>
  <system-out><![CDATA[14:18:43.652 [Test worker] DEBUG org.springframework.test.context.BootstrapUtils - Instantiating CacheAwareContextLoaderDelegate from class [org.springframework.test.context.cache.DefaultCacheAwareContextLoaderDelegate]
14:18:43.668 [Test worker] DEBUG org.springframework.test.context.BootstrapUtils - Instantiating BootstrapContext using constructor [public org.springframework.test.context.support.DefaultBootstrapContext(java.lang.Class,org.springframework.test.context.CacheAwareContextLoaderDelegate)]
14:18:43.706 [Test worker] DEBUG org.springframework.test.context.BootstrapUtils - Instantiating TestContextBootstrapper for test class [com.example.zdarovamessage.GreetingIntegrationTests] from class [org.springframework.boot.test.context.SpringBootTestContextBootstrapper]
14:18:43.722 [Test worker] INFO org.springframework.boot.test.context.SpringBootTestContextBootstrapper - Neither @ContextConfiguration nor @ContextHierarchy found for test class [com.example.zdarovamessage.GreetingIntegrationTests], using SpringBootContextLoader
14:18:43.722 [Test worker] DEBUG org.springframework.test.context.support.AbstractContextLoader - Did not detect default resource location for test class [com.example.zdarovamessage.GreetingIntegrationTests]: class path resource [com/example/zdarovamessage/GreetingIntegrationTests-context.xml] does not exist
14:18:43.722 [Test worker] DEBUG org.springframework.test.context.support.AbstractContextLoader - Did not detect default resource location for test class [com.example.zdarovamessage.GreetingIntegrationTests]: class path resource [com/example/zdarovamessage/GreetingIntegrationTestsContext.groovy] does not exist
14:18:43.722 [Test worker] INFO org.springframework.test.context.support.AbstractContextLoader - Could not detect default resource locations for test class [com.example.zdarovamessage.GreetingIntegrationTests]: no resource found for suffixes {-context.xml, Context.groovy}.
14:18:43.722 [Test worker] DEBUG org.springframework.test.context.support.AnnotationConfigContextLoaderUtils - Ignoring class [com.example.zdarovamessage.GreetingIntegrationTests$TestSessionHandler]; it must be static, non-private, non-final, and annotated with @Configuration to be considered a default configuration class.
14:18:43.722 [Test worker] INFO org.springframework.test.context.support.AnnotationConfigContextLoaderUtils - Could not detect default configuration classes for test class [com.example.zdarovamessage.GreetingIntegrationTests]: GreetingIntegrationTests does not declare any static, non-private, non-final, nested classes annotated with @Configuration.
14:18:43.768 [Test worker] DEBUG org.springframework.test.context.support.ActiveProfilesUtils - Could not find an 'annotation declaring class' for annotation type [org.springframework.test.context.ActiveProfiles] and class [com.example.zdarovamessage.GreetingIntegrationTests]
14:18:43.831 [Test worker] DEBUG org.springframework.context.annotation.ClassPathScanningCandidateComponentProvider - Identified candidate component class: file [C:\Users\1пк\Downloads\ARCH4-main\build\classes\java\main\com\example\zdarovamessage\Zdarovamessage.class]
14:18:43.831 [Test worker] INFO org.springframework.boot.test.context.SpringBootTestContextBootstrapper - Found @SpringBootConfiguration com.example.zdarovamessage.Zdarovamessage for test class com.example.zdarovamessage.GreetingIntegrationTests
14:18:43.919 [Test worker] DEBUG org.springframework.boot.test.context.SpringBootTestContextBootstrapper - @TestExecutionListeners is not present for class [com.example.zdarovamessage.GreetingIntegrationTests]: using defaults.
14:18:43.919 [Test worker] INFO org.springframework.boot.test.context.SpringBootTestContextBootstrapper - Loaded default TestExecutionListener class names from location [META-INF/spring.factories]: [org.springframework.boot.test.autoconfigure.restdocs.RestDocsTestExecutionListener, org.springframework.boot.test.autoconfigure.web.client.MockRestServiceServerResetTestExecutionListener, org.springframework.boot.test.autoconfigure.web.servlet.MockMvcPrintOnlyOnFailureTestExecutionListener, org.springframework.boot.test.autoconfigure.web.servlet.WebDriverTestExecutionListener, org.springframework.boot.test.autoconfigure.webservices.client.MockWebServiceServerTestExecutionListener, org.springframework.boot.test.mock.mockito.MockitoTestExecutionListener, org.springframework.boot.test.mock.mockito.ResetMocksTestExecutionListener, org.springframework.test.context.web.ServletTestExecutionListener, org.springframework.test.context.support.DirtiesContextBeforeModesTestExecutionListener, org.springframework.test.context.event.ApplicationEventsTestExecutionListener, org.springframework.test.context.support.DependencyInjectionTestExecutionListener, org.springframework.test.context.support.DirtiesContextTestExecutionListener, org.springframework.test.context.transaction.TransactionalTestExecutionListener, org.springframework.test.context.jdbc.SqlScriptsTestExecutionListener, org.springframework.test.context.event.EventPublishingTestExecutionListener]
14:18:43.919 [Test worker] DEBUG org.springframework.boot.test.context.SpringBootTestContextBootstrapper - Skipping candidate TestExecutionListener [org.springframework.test.context.transaction.TransactionalTestExecutionListener] due to a missing dependency. Specify custom listener classes or make the default listener classes and their required dependencies available. Offending class: [org/springframework/transaction/interceptor/TransactionAttributeSource]
14:18:43.919 [Test worker] DEBUG org.springframework.boot.test.context.SpringBootTestContextBootstrapper - Skipping candidate TestExecutionListener [org.springframework.test.context.jdbc.SqlScriptsTestExecutionListener] due to a missing dependency. Specify custom listener classes or make the default listener classes and their required dependencies available. Offending class: [org/springframework/transaction/interceptor/TransactionAttribute]
14:18:43.935 [Test worker] INFO org.springframework.boot.test.context.SpringBootTestContextBootstrapper - Using TestExecutionListeners: [org.springframework.test.context.web.ServletTestExecutionListener@249f72da, org.springframework.test.context.support.DirtiesContextBeforeModesTestExecutionListener@74b71883, org.springframework.test.context.event.ApplicationEventsTestExecutionListener@2331d38, org.springframework.boot.test.mock.mockito.MockitoTestExecutionListener@3a63cbe6, org.springframework.boot.test.autoconfigure.SpringBootDependencyInjectionTestExecutionListener@65b577d2, org.springframework.test.context.support.DirtiesContextTestExecutionListener@290a08e7, org.springframework.test.context.event.EventPublishingTestExecutionListener@33ca1a23, org.springframework.boot.test.autoconfigure.restdocs.RestDocsTestExecutionListener@1752cb47, org.springframework.boot.test.autoconfigure.web.client.MockRestServiceServerResetTestExecutionListener@59972598, org.springframework.boot.test.autoconfigure.web.servlet.MockMvcPrintOnlyOnFailureTestExecutionListener@2023437d, org.springframework.boot.test.autoconfigure.web.servlet.WebDriverTestExecutionListener@43db5e58, org.springframework.boot.test.autoconfigure.webservices.client.MockWebServiceServerTestExecutionListener@4252bd97, org.springframework.boot.test.mock.mockito.ResetMocksTestExecutionListener@2289eba0]
14:18:43.936 [Test worker] DEBUG org.springframework.test.context.support.AbstractDirtiesContextTestExecutionListener - Before test class: context [DefaultTestContext@7bfdb81a testClass = GreetingIntegrationTests, testInstance = [null], testMethod = [null], testException = [null], mergedContextConfiguration = [WebMergedContextConfiguration@435e8f2a testClass = GreetingIntegrationTests, locations = '{}', classes = '{class com.example.zdarovamessage.Zdarovamessage}', contextInitializerClasses = '[]', activeProfiles = '{}', propertySourceLocations = '{}', propertySourceProperties = '{org.springframework.boot.test.context.SpringBootTestContextBootstrapper=true, server.port=0}', contextCustomizers = set[org.springframework.boot.test.autoconfigure.actuate.metrics.MetricsExportContextCustomizerFactory$DisableMetricExportContextCustomizer@70e4982c, org.springframework.boot.test.autoconfigure.properties.PropertyMappingContextCustomizer@0, org.springframework.boot.test.autoconfigure.web.servlet.WebDriverContextCustomizerFactory$Customizer@570ce15c, org.springframework.boot.test.context.filter.ExcludeFilterContextCustomizer@411f126b, org.springframework.boot.test.json.DuplicateJsonObjectContextCustomizerFactory$DuplicateJsonObjectContextCustomizer@2dbd5b09, org.springframework.boot.test.mock.mockito.MockitoContextCustomizer@0, org.springframework.boot.test.web.client.TestRestTemplateContextCustomizer@237a7f77, org.springframework.boot.test.context.SpringBootTestArgs@1, org.springframework.boot.test.context.SpringBootTestWebEnvironment@45342198], resourceBasePath = 'src/main/webapp', contextLoader = 'org.springframework.boot.test.context.SpringBootContextLoader', parent = [null]], attributes = map['org.springframework.test.context.web.ServletTestExecutionListener.activateListener' -> false]], class annotated with @DirtiesContext [false] with mode [null].
14:18:43.941 [Test worker] DEBUG org.springframework.test.context.support.DependencyInjectionTestExecutionListener - Performing dependency injection for test context [[DefaultTestContext@7bfdb81a testClass = GreetingIntegrationTests, testInstance = com.example.zdarovamessage.GreetingIntegrationTests@28c466c9, testMethod = [null], testException = [null], mergedContextConfiguration = [WebMergedContextConfiguration@435e8f2a testClass = GreetingIntegrationTests, locations = '{}', classes = '{class com.example.zdarovamessage.Zdarovamessage}', contextInitializerClasses = '[]', activeProfiles = '{}', propertySourceLocations = '{}', propertySourceProperties = '{org.springframework.boot.test.context.SpringBootTestContextBootstrapper=true, server.port=0}', contextCustomizers = set[org.springframework.boot.test.autoconfigure.actuate.metrics.MetricsExportContextCustomizerFactory$DisableMetricExportContextCustomizer@70e4982c, org.springframework.boot.test.autoconfigure.properties.PropertyMappingContextCustomizer@0, org.springframework.boot.test.autoconfigure.web.servlet.WebDriverContextCustomizerFactory$Customizer@570ce15c, org.springframework.boot.test.context.filter.ExcludeFilterContextCustomizer@411f126b, org.springframework.boot.test.json.DuplicateJsonObjectContextCustomizerFactory$DuplicateJsonObjectContextCustomizer@2dbd5b09, org.springframework.boot.test.mock.mockito.MockitoContextCustomizer@0, org.springframework.boot.test.web.client.TestRestTemplateContextCustomizer@237a7f77, org.springframework.boot.test.context.SpringBootTestArgs@1, org.springframework.boot.test.context.SpringBootTestWebEnvironment@45342198], resourceBasePath = 'src/main/webapp', contextLoader = 'org.springframework.boot.test.context.SpringBootContextLoader', parent = [null]], attributes = map['org.springframework.test.context.web.ServletTestExecutionListener.activateListener' -> false, 'org.springframework.test.context.event.ApplicationEventsTestExecutionListener.recordApplicationEvents' -> false]]].
14:18:43.973 [Test worker] DEBUG org.springframework.test.context.support.TestPropertySourceUtils - Adding inlined properties to environment: {spring.jmx.enabled=false, org.springframework.boot.test.context.SpringBootTestContextBootstrapper=true, server.port=0}

  .   ____          _            __ _ _
 /\\ / ___'_ __ _ _(_)_ __  __ _ \ \ \ \
( ( )\___ | '_ | '_| | '_ \/ _` | \ \ \ \
 \\/  ___)| |_)| | | | | || (_| |  ) ) ) )
  '  |____| .__|_| |_|_| |_\__, | / / / /
 =========|_|==============|___/=/_/_/_/
 :: Spring Boot ::                (v2.5.2)

2021-12-05 14:18:44.249  INFO 13224 --- [    Test worker] c.e.z.GreetingIntegrationTests           : Starting GreetingIntegrationTests using Java 16.0.1 on LAPTOP-7FR001SE with PID 13224 (started by 1пк in C:\Users\1пк\Downloads\ARCH4-main)
2021-12-05 14:18:44.249  INFO 13224 --- [    Test worker] c.e.z.GreetingIntegrationTests           : No active profile set, falling back to default profiles: default
2021-12-05 14:18:45.228  INFO 13224 --- [    Test worker] o.s.b.w.embedded.tomcat.TomcatWebServer  : Tomcat initialized with port(s): 0 (http)
2021-12-05 14:18:45.244  INFO 13224 --- [    Test worker] o.apache.catalina.core.StandardService   : Starting service [Tomcat]
2021-12-05 14:18:45.244  INFO 13224 --- [    Test worker] org.apache.catalina.core.StandardEngine  : Starting Servlet engine: [Apache Tomcat/9.0.48]
2021-12-05 14:18:45.344  INFO 13224 --- [    Test worker] o.a.c.c.C.[Tomcat].[localhost].[/]       : Initializing Spring embedded WebApplicationContext
2021-12-05 14:18:45.344  INFO 13224 --- [    Test worker] w.s.c.ServletWebServerApplicationContext : Root WebApplicationContext: initialization completed in 1063 ms
2021-12-05 14:18:45.910  INFO 13224 --- [    Test worker] o.s.b.a.w.s.WelcomePageHandlerMapping    : Adding welcome page: class path resource [static/index.html]
2021-12-05 14:18:46.569  INFO 13224 --- [    Test worker] o.s.b.w.embedded.tomcat.TomcatWebServer  : Tomcat started on port(s): 59336 (http) with context path ''
2021-12-05 14:18:46.569  INFO 13224 --- [    Test worker] o.s.m.s.b.SimpleBrokerMessageHandler     : Starting...
2021-12-05 14:18:46.569  INFO 13224 --- [    Test worker] o.s.m.s.b.SimpleBrokerMessageHandler     : BrokerAvailabilityEvent[available=true, SimpleBrokerMessageHandler [org.springframework.messaging.simp.broker.DefaultSubscriptionRegistry@3f932224]]
2021-12-05 14:18:46.569  INFO 13224 --- [    Test worker] o.s.m.s.b.SimpleBrokerMessageHandler     : Started.
2021-12-05 14:18:46.585  INFO 13224 --- [    Test worker] c.e.z.GreetingIntegrationTests           : Started GreetingIntegrationTests in 2.605 seconds (JVM running for 3.671)
2021-12-05 14:18:47.162  INFO 13224 --- [o-auto-1-exec-1] o.a.c.c.C.[Tomcat].[localhost].[/]       : Initializing Spring DispatcherServlet 'dispatcherServlet'
2021-12-05 14:18:47.162  INFO 13224 --- [o-auto-1-exec-1] o.s.web.servlet.DispatcherServlet        : Initializing Servlet 'dispatcherServlet'
2021-12-05 14:18:47.162  INFO 13224 --- [o-auto-1-exec-1] o.s.web.servlet.DispatcherServlet        : Completed initialization in 0 ms
]]></system-out>
  <system-err><![CDATA[]]></system-err>
</testsuite>
